!SESSION 2022-01-28 09:22:05.394 -----------------------------------------------
eclipse.buildId=4.19.0.I20210303-1800
java.version=15.0.2
java.vendor=Oracle Corporation
BootLoader constants: OS=linux, ARCH=x86_64, WS=gtk, NL=en_US
Framework arguments:  -product org.eclipse.epp.package.jee.product
Command-line arguments:  -os linux -ws gtk -arch x86_64 -product org.eclipse.epp.package.jee.product

!ENTRY org.eclipse.oomph.p2.core 4 0 2022-01-28 09:23:01.264
!MESSAGE FrameworkEvent ERROR
!STACK 0
org.osgi.framework.BundleException: Exception in org.eclipse.oomph.p2.internal.core.P2CorePlugin$Implementation.stop() of bundle org.eclipse.oomph.p2.core.
	at org.eclipse.osgi.internal.framework.BundleContextImpl.stop(BundleContextImpl.java:891)
	at org.eclipse.osgi.internal.framework.EquinoxBundle.stopWorker0(EquinoxBundle.java:1026)
	at org.eclipse.osgi.internal.framework.EquinoxBundle$EquinoxModule.stopWorker(EquinoxBundle.java:371)
	at org.eclipse.osgi.container.Module.doStop(Module.java:660)
	at org.eclipse.osgi.container.Module.stop(Module.java:521)
	at org.eclipse.osgi.container.ModuleContainer$ContainerStartLevel.decStartLevel(ModuleContainer.java:1886)
	at org.eclipse.osgi.container.ModuleContainer$ContainerStartLevel.doContainerStartLevel(ModuleContainer.java:1761)
	at org.eclipse.osgi.container.SystemModule.stopWorker(SystemModule.java:275)
	at org.eclipse.osgi.internal.framework.EquinoxBundle$SystemBundle$EquinoxSystemModule.stopWorker(EquinoxBundle.java:203)
	at org.eclipse.osgi.container.Module.doStop(Module.java:660)
	at org.eclipse.osgi.container.Module.stop(Module.java:521)
	at org.eclipse.osgi.container.SystemModule.stop(SystemModule.java:207)
	at org.eclipse.osgi.internal.framework.EquinoxBundle$SystemBundle$EquinoxSystemModule$1.run(EquinoxBundle.java:221)
	at java.base/java.lang.Thread.run(Thread.java:832)
Caused by: java.lang.ExceptionInInitializerError
	at org.eclipse.oomph.p2.internal.core.AgentImpl.initializeProvisioningAgent(AgentImpl.java:570)
	at org.eclipse.oomph.p2.internal.core.AgentImpl.getProvisioningAgent(AgentImpl.java:666)
	at org.eclipse.oomph.p2.internal.core.AgentImpl.getProfileRegistry(AgentImpl.java:321)
	at org.eclipse.oomph.p2.internal.core.AgentImpl$1.initializeFirstTime(AgentImpl.java:140)
	at org.eclipse.oomph.p2.internal.core.PersistentMap.load(PersistentMap.java:112)
	at org.eclipse.oomph.p2.internal.core.AgentImpl.<init>(AgentImpl.java:187)
	at org.eclipse.oomph.p2.internal.core.AgentManagerImpl$1.createElement(AgentManagerImpl.java:92)
	at org.eclipse.oomph.p2.internal.core.AgentManagerImpl$1.createElement(AgentManagerImpl.java:1)
	at org.eclipse.oomph.p2.internal.core.PersistentMap.addElement(PersistentMap.java:152)
	at org.eclipse.oomph.p2.internal.core.AgentManagerImpl.addAgent(AgentManagerImpl.java:222)
	at org.eclipse.oomph.p2.internal.core.AgentManagerImpl$1.initializeFirstTime(AgentManagerImpl.java:105)
	at org.eclipse.oomph.p2.internal.core.PersistentMap.load(PersistentMap.java:112)
	at org.eclipse.oomph.p2.internal.core.AgentManagerImpl.<init>(AgentManagerImpl.java:142)
	at org.eclipse.oomph.p2.internal.core.AgentManagerImpl.<init>(AgentManagerImpl.java:64)
	at org.eclipse.oomph.p2.core.P2Util.getAgentManager(P2Util.java:59)
	at org.eclipse.oomph.p2.internal.core.P2CorePlugin$Implementation.stop(P2CorePlugin.java:169)
	at org.eclipse.osgi.internal.framework.BundleContextImpl$3.run(BundleContextImpl.java:871)
	at org.eclipse.osgi.internal.framework.BundleContextImpl$3.run(BundleContextImpl.java:1)
	at java.base/java.security.AccessController.doPrivileged(AccessController.java:554)
	at org.eclipse.osgi.internal.framework.BundleContextImpl.stop(BundleContextImpl.java:863)
	... 13 more
Caused by: java.lang.NullPointerException: Cannot invoke "org.osgi.framework.BundleContext.getProperty(String)" because the return value of "org.eclipse.equinox.internal.p2.artifact.repository.Activator.getContext()" is null
	at org.eclipse.oomph.p2.internal.core.CachingRepositoryManager$Artifact.<clinit>(CachingRepositoryManager.java:546)
	... 33 more
Root exception:
java.lang.ExceptionInInitializerError
	at org.eclipse.oomph.p2.internal.core.AgentImpl.initializeProvisioningAgent(AgentImpl.java:570)
	at org.eclipse.oomph.p2.internal.core.AgentImpl.getProvisioningAgent(AgentImpl.java:666)
	at org.eclipse.oomph.p2.internal.core.AgentImpl.getProfileRegistry(AgentImpl.java:321)
	at org.eclipse.oomph.p2.internal.core.AgentImpl$1.initializeFirstTime(AgentImpl.java:140)
	at org.eclipse.oomph.p2.internal.core.PersistentMap.load(PersistentMap.java:112)
	at org.eclipse.oomph.p2.internal.core.AgentImpl.<init>(AgentImpl.java:187)
	at org.eclipse.oomph.p2.internal.core.AgentManagerImpl$1.createElement(AgentManagerImpl.java:92)
	at org.eclipse.oomph.p2.internal.core.AgentManagerImpl$1.createElement(AgentManagerImpl.java:1)
	at org.eclipse.oomph.p2.internal.core.PersistentMap.addElement(PersistentMap.java:152)
	at org.eclipse.oomph.p2.internal.core.AgentManagerImpl.addAgent(AgentManagerImpl.java:222)
	at org.eclipse.oomph.p2.internal.core.AgentManagerImpl$1.initializeFirstTime(AgentManagerImpl.java:105)
	at org.eclipse.oomph.p2.internal.core.PersistentMap.load(PersistentMap.java:112)
	at org.eclipse.oomph.p2.internal.core.AgentManagerImpl.<init>(AgentManagerImpl.java:142)
	at org.eclipse.oomph.p2.internal.core.AgentManagerImpl.<init>(AgentManagerImpl.java:64)
	at org.eclipse.oomph.p2.core.P2Util.getAgentManager(P2Util.java:59)
	at org.eclipse.oomph.p2.internal.core.P2CorePlugin$Implementation.stop(P2CorePlugin.java:169)
	at org.eclipse.osgi.internal.framework.BundleContextImpl$3.run(BundleContextImpl.java:871)
	at org.eclipse.osgi.internal.framework.BundleContextImpl$3.run(BundleContextImpl.java:1)
	at java.base/java.security.AccessController.doPrivileged(AccessController.java:554)
	at org.eclipse.osgi.internal.framework.BundleContextImpl.stop(BundleContextImpl.java:863)
	at org.eclipse.osgi.internal.framework.EquinoxBundle.stopWorker0(EquinoxBundle.java:1026)
	at org.eclipse.osgi.internal.framework.EquinoxBundle$EquinoxModule.stopWorker(EquinoxBundle.java:371)
	at org.eclipse.osgi.container.Module.doStop(Module.java:660)
	at org.eclipse.osgi.container.Module.stop(Module.java:521)
	at org.eclipse.osgi.container.ModuleContainer$ContainerStartLevel.decStartLevel(ModuleContainer.java:1886)
	at org.eclipse.osgi.container.ModuleContainer$ContainerStartLevel.doContainerStartLevel(ModuleContainer.java:1761)
	at org.eclipse.osgi.container.SystemModule.stopWorker(SystemModule.java:275)
	at org.eclipse.osgi.internal.framework.EquinoxBundle$SystemBundle$EquinoxSystemModule.stopWorker(EquinoxBundle.java:203)
	at org.eclipse.osgi.container.Module.doStop(Module.java:660)
	at org.eclipse.osgi.container.Module.stop(Module.java:521)
	at org.eclipse.osgi.container.SystemModule.stop(SystemModule.java:207)
	at org.eclipse.osgi.internal.framework.EquinoxBundle$SystemBundle$EquinoxSystemModule$1.run(EquinoxBundle.java:221)
	at java.base/java.lang.Thread.run(Thread.java:832)
Caused by: java.lang.NullPointerException: Cannot invoke "org.osgi.framework.BundleContext.getProperty(String)" because the return value of "org.eclipse.equinox.internal.p2.artifact.repository.Activator.getContext()" is null
	at org.eclipse.oomph.p2.internal.core.CachingRepositoryManager$Artifact.<clinit>(CachingRepositoryManager.java:546)
	... 33 more
